<?xml version="1.0" encoding="UTF-8"?>
<!-- Generated by org.testng.reporters.JUnitXMLReporter -->
<testsuite hostname="DESKTOP-8GU1FPD" name="Test" tests="3" failures="1" timestamp="15 Jun 2018 22:41:32 GMT" time="10.531" errors="0">
  <testcase name="TestA1" time="10.177" classname="com.ddfw.punj.testcases.TestCaseA">
    <failure type="java.lang.AssertionError" message="Locator not correct- signin_xpath">
      <![CDATA[java.lang.AssertionError: Locator not correct- signin_xpath
	at com.ddfw.punj.base.BaseTest.reportFailure(BaseTest.java:199)
	at com.ddfw.punj.base.BaseTest.getElement(BaseTest.java:107)
	at com.ddfw.punj.base.BaseTest.verifyText(BaseTest.java:177)
	at com.ddfw.punj.testcases.TestCaseA.TestA1(TestCaseA.java:31)
... Removed 25 stack frames]]>
    </failure>
  </testcase> <!-- TestA1 -->
  <testcase name="TestA2" time="0.001" classname="com.ddfw.punj.testcases.TestCaseA">
    <skipped/>
  </testcase> <!-- TestA2 -->
  <testcase name="TestA3" time="0.003" classname="com.ddfw.punj.testcases.TestCaseA">
    <skipped/>
  </testcase> <!-- TestA3 -->
</testsuite> <!-- Test -->
