<?xml version="1.0" encoding="UTF-8" ?>
<testsuite tests="10" failures="1" name="TestSuite" time="9.373" errors="0" skipped="2">
  <properties>
[...]
</properties>
  <testcase classname="com.ddfw.punj.testcases.TestCaseA" name="TestA1" time="9.162">
    <failure message="Locator not correct- signin_xpath" type="java.lang.AssertionError">java.lang.AssertionError: Locator not correct- signin_xpath
	at org.testng.Assert.fail(Assert.java:94)
	at com.ddfw.punj.base.BaseTest.reportFailure(BaseTest.java:199)
	at com.ddfw.punj.base.BaseTest.getElement(BaseTest.java:107)
	at com.ddfw.punj.base.BaseTest.verifyText(BaseTest.java:177)
	at com.ddfw.punj.testcases.TestCaseA.TestA1(TestCaseA.java:31)
</failure>
    <system-out>Configuring TestNG with: org.apache.maven.surefire.testng.conf.TestNG652Configurator@3fb4f649
A1
https://accounts.google.com
</system-out>
    <system-err>Starting ChromeDriver 2.38.552522 (437e6fbedfa8762dec75e2c5b3ddb86763dc9dcb) on port 9792
Only local connections are allowed.
Jun 16, 2018 9:03:22 AM org.openqa.selenium.remote.ProtocolHandshake createSession
INFO: Detected dialect: OSS
</system-err>
  </testcase>
  <testcase classname="com.ddfw.punj.testcases.TestCaseB" name="TestB1" time="0.048"/>
  <testcase classname="com.ddfw.punj.testcases.TestCaseC" name="TestC1" time="0.008"/>
  <testcase classname="com.ddfw.punj.testcases.TestCaseA" name="TestA2" time="0.077">
    <skipped/>
  </testcase>
  <testcase classname="com.ddfw.punj.testcases.TestCaseB" name="TestB2" time="0.017"/>
  <testcase classname="com.ddfw.punj.testcases.TestCaseC" name="TestC2" time="0.002"/>
  <testcase classname="com.ddfw.punj.testcases.TestCaseA" name="TestA3" time="0.045">
    <skipped/>
  </testcase>
  <testcase classname="com.ddfw.punj.testcases.TestCaseB" name="TestB3" time="0.007"/>
  <testcase classname="com.ddfw.punj.testcases.TestCaseC" name="TestC3" time="0.006"/>
  <testcase classname="com.ddfw.punj.AppTest" name="testApp on testApp(com.ddfw.punj.AppTest)" time="0.001"/>
</testsuite>