<?xml version="1.0" encoding="UTF-8"?>
<!-- Generated by org.testng.reporters.JUnitXMLReporter -->
<testsuite hostname="DESKTOP-8GU1FPD" name="TestB" tests="3" failures="0" timestamp="2 Jul 2018 10:51:28 GMT" time="0.587" errors="0">
  <testcase name="TestB1" time="0.039" classname="com.ddfw.punj.testcases.TestCaseB"/>
  <testcase name="TestB2" time="0.002" classname="com.ddfw.punj.testcases.TestCaseB"/>
  <testcase name="TestB3" time="0.003" classname="com.ddfw.punj.testcases.TestCaseB"/>
</testsuite> <!-- TestB -->
