<?xml version="1.0" encoding="UTF-8"?>
<!-- Generated by org.testng.reporters.JUnitXMLReporter -->
<testsuite hostname="DESKTOP-8GU1FPD" name="TestA" tests="3" failures="1" timestamp="2 Jul 2018 10:51:36 GMT" time="9.274" errors="0">
  <testcase name="TestA1" time="9.211" classname="com.ddfw.punj.testcases.TestCaseA">
    <failure type="java.lang.AssertionError" message="Locator not correct- signin_xpath">
      <![CDATA[java.lang.AssertionError: Locator not correct- signin_xpath
	at com.ddfw.punj.base.BaseTest.reportFailure(BaseTest.java:199)
	at com.ddfw.punj.base.BaseTest.getElement(BaseTest.java:107)
	at com.ddfw.punj.base.BaseTest.verifyText(BaseTest.java:177)
	at com.ddfw.punj.testcases.TestCaseA.TestA1(TestCaseA.java:31)
	at java.util.concurrent.FutureTask.run(FutureTask.java:266)
	at java.util.concurrent.ThreadPoolExecutor.runWorker(ThreadPoolExecutor.java:1149)
	at java.util.concurrent.ThreadPoolExecutor$Worker.run(ThreadPoolExecutor.java:624)
	at java.lang.Thread.run(Thread.java:748)
... Removed 17 stack frames]]>
    </failure>
  </testcase> <!-- TestA1 -->
  <testcase name="TestA2" time="0.0" classname="com.ddfw.punj.testcases.TestCaseA">
    <skipped/>
  </testcase> <!-- TestA2 -->
  <testcase name="TestA3" time="0.001" classname="com.ddfw.punj.testcases.TestCaseA">
    <skipped/>
  </testcase> <!-- TestA3 -->
</testsuite> <!-- TestA -->
